<?xml version="1.0" encoding="UTF-8"?>
<testsuite name="com.seungpang.book.springboot.web.IndexControllerTest" tests="1" skipped="0" failures="0" errors="0" timestamp="2020-08-27T14:09:40" hostname="kslui-MacBook-Pro.local" time="0.853">
  <properties/>
  <testcase name="메인페이지_로딩" classname="com.seungpang.book.springboot.web.IndexControllerTest" time="0.853"/>
  <system-out><![CDATA[2020-08-27 23:09:35.071  INFO 799 --- [    Test worker] .b.t.c.SpringBootTestContextBootstrapper : Neither @ContextConfiguration nor @ContextHierarchy found for test class [com.seungpang.book.springboot.web.IndexControllerTest], using SpringBootContextLoader
2020-08-27 23:09:35.072  INFO 799 --- [    Test worker] o.s.t.c.support.AbstractContextLoader    : Could not detect default resource locations for test class [com.seungpang.book.springboot.web.IndexControllerTest]: no resource found for suffixes {-context.xml, Context.groovy}.
2020-08-27 23:09:35.072  INFO 799 --- [    Test worker] t.c.s.AnnotationConfigContextLoaderUtils : Could not detect default configuration classes for test class [com.seungpang.book.springboot.web.IndexControllerTest]: IndexControllerTest does not declare any static, non-private, non-final, nested classes annotated with @Configuration.
2020-08-27 23:09:35.090  INFO 799 --- [    Test worker] .b.t.c.SpringBootTestContextBootstrapper : Found @SpringBootConfiguration com.seungpang.book.springboot.Application for test class com.seungpang.book.springboot.web.IndexControllerTest
2020-08-27 23:09:35.093  INFO 799 --- [    Test worker] .b.t.c.SpringBootTestContextBootstrapper : Loaded default TestExecutionListener class names from location [META-INF/spring.factories]: [org.springframework.security.test.context.support.WithSecurityContextTestExecutionListener, org.springframework.security.test.context.support.ReactorContextTestExecutionListener, org.springframework.boot.test.autoconfigure.restdocs.RestDocsTestExecutionListener, org.springframework.boot.test.autoconfigure.web.client.MockRestServiceServerResetTestExecutionListener, org.springframework.boot.test.autoconfigure.web.servlet.MockMvcPrintOnlyOnFailureTestExecutionListener, org.springframework.boot.test.autoconfigure.web.servlet.WebDriverTestExecutionListener, org.springframework.boot.test.mock.mockito.MockitoTestExecutionListener, org.springframework.boot.test.mock.mockito.ResetMocksTestExecutionListener, org.springframework.test.context.web.ServletTestExecutionListener, org.springframework.test.context.support.DirtiesContextBeforeModesTestExecutionListener, org.springframework.test.context.support.DependencyInjectionTestExecutionListener, org.springframework.test.context.support.DirtiesContextTestExecutionListener, org.springframework.test.context.transaction.TransactionalTestExecutionListener, org.springframework.test.context.jdbc.SqlScriptsTestExecutionListener]
2020-08-27 23:09:35.094  INFO 799 --- [    Test worker] .b.t.c.SpringBootTestContextBootstrapper : Using TestExecutionListeners: [org.springframework.test.context.web.ServletTestExecutionListener@50faf01b, org.springframework.test.context.support.DirtiesContextBeforeModesTestExecutionListener@605bbef9, org.springframework.boot.test.mock.mockito.MockitoTestExecutionListener@7faf882f, org.springframework.boot.test.autoconfigure.SpringBootDependencyInjectionTestExecutionListener@30685b4e, org.springframework.test.context.support.DirtiesContextTestExecutionListener@37951f70, org.springframework.test.context.transaction.TransactionalTestExecutionListener@a04c30d, org.springframework.test.context.jdbc.SqlScriptsTestExecutionListener@969dc92, org.springframework.security.test.context.support.WithSecurityContextTestExecutionListener@7b2954da, org.springframework.security.test.context.support.ReactorContextTestExecutionListener@64d8aa50, org.springframework.boot.test.autoconfigure.restdocs.RestDocsTestExecutionListener@48e8016d, org.springframework.boot.test.autoconfigure.web.client.MockRestServiceServerResetTestExecutionListener@fa2d9ae, org.springframework.boot.test.autoconfigure.web.servlet.MockMvcPrintOnlyOnFailureTestExecutionListener@3e1cd304, org.springframework.boot.test.autoconfigure.web.servlet.WebDriverTestExecutionListener@1fb774bd, org.springframework.boot.test.mock.mockito.ResetMocksTestExecutionListener@17dcfd4f]

  .   ____          _            __ _ _
 /\\ / ___'_ __ _ _(_)_ __  __ _ \ \ \ \
( ( )\___ | '_ | '_| | '_ \/ _` | \ \ \ \
 \\/  ___)| |_)| | | | | || (_| |  ) ) ) )
  '  |____| .__|_| |_|_| |_\__, | / / / /
 =========|_|==============|___/=/_/_/_/
 :: Spring Boot ::        (v2.1.7.RELEASE)

2020-08-27 23:09:35.215  INFO 799 --- [    Test worker] c.s.b.s.web.IndexControllerTest          : Starting IndexControllerTest on kslui-MacBook-Pro.local with PID 799 (started by ksl in /Users/ksl/IdeaProjects/com.seungpang.book)
2020-08-27 23:09:35.216  INFO 799 --- [    Test worker] c.s.b.s.web.IndexControllerTest          : The following profiles are active: oauth
2020-08-27 23:09:35.837  INFO 799 --- [    Test worker] .s.d.r.c.RepositoryConfigurationDelegate : Bootstrapping Spring Data repositories in DEFAULT mode.
2020-08-27 23:09:35.863  INFO 799 --- [    Test worker] .s.d.r.c.RepositoryConfigurationDelegate : Finished Spring Data repository scanning in 25ms. Found 2 repository interfaces.
2020-08-27 23:09:36.288  INFO 799 --- [    Test worker] trationDelegate$BeanPostProcessorChecker : Bean 'org.springframework.transaction.annotation.ProxyTransactionManagementConfiguration' of type [org.springframework.transaction.annotation.ProxyTransactionManagementConfiguration$$EnhancerBySpringCGLIB$$5b89752] is not eligible for getting processed by all BeanPostProcessors (for example: not eligible for auto-proxying)
2020-08-27 23:09:36.891  INFO 799 --- [    Test worker] o.s.b.w.embedded.tomcat.TomcatWebServer  : Tomcat initialized with port(s): 0 (http)
2020-08-27 23:09:36.951  INFO 799 --- [    Test worker] o.apache.catalina.core.StandardService   : Starting service [Tomcat]
2020-08-27 23:09:36.955  INFO 799 --- [    Test worker] org.apache.catalina.core.StandardEngine  : Starting Servlet engine: [Apache Tomcat/9.0.22]
2020-08-27 23:09:37.251  INFO 799 --- [    Test worker] o.a.c.c.C.[Tomcat].[localhost].[/]       : Initializing Spring embedded WebApplicationContext
2020-08-27 23:09:37.251  INFO 799 --- [    Test worker] o.s.web.context.ContextLoader            : Root WebApplicationContext: initialization completed in 2030 ms
2020-08-27 23:09:37.647  INFO 799 --- [    Test worker] com.zaxxer.hikari.HikariDataSource       : HikariPool-2 - Starting...
2020-08-27 23:09:37.652  INFO 799 --- [    Test worker] com.zaxxer.hikari.HikariDataSource       : HikariPool-2 - Start completed.
2020-08-27 23:09:37.713  INFO 799 --- [    Test worker] o.hibernate.jpa.internal.util.LogHelper  : HHH000204: Processing PersistenceUnitInfo [
	name: default
	...]
2020-08-27 23:09:37.730  INFO 799 --- [    Test worker] org.hibernate.dialect.Dialect            : HHH000400: Using dialect: org.hibernate.dialect.MySQL5InnoDBDialect
Hibernate: drop table if exists hibernate_sequence
Hibernate: drop table if exists posts
Hibernate: drop table if exists user
Hibernate: create table hibernate_sequence (next_val bigint) engine=InnoDB
Hibernate: insert into hibernate_sequence values ( 1 )
Hibernate: create table posts (id bigint not null auto_increment, create_date datetime, modified_date datetime, author varchar(255), content TEXT not null, title varchar(500) not null, primary key (id)) engine=InnoDB
Hibernate: create table user (id bigint not null, create_date datetime, modified_date datetime, email varchar(255) not null, name varchar(255) not null, picture varchar(255), role varchar(255) not null, primary key (id)) engine=InnoDB
2020-08-27 23:09:37.854  INFO 799 --- [    Test worker] o.h.t.schema.internal.SchemaCreatorImpl  : HHH000476: Executing import script 'org.hibernate.tool.schema.internal.exec.ScriptSourceInputNonExistentImpl@299c9ff3'
2020-08-27 23:09:37.855  INFO 799 --- [    Test worker] j.LocalContainerEntityManagerFactoryBean : Initialized JPA EntityManagerFactory for persistence unit 'default'
2020-08-27 23:09:38.594  INFO 799 --- [    Test worker] o.h.h.i.QueryTranslatorFactoryInitiator  : HHH000397: Using ASTQueryTranslatorFactory
2020-08-27 23:09:39.033  INFO 799 --- [    Test worker] o.s.s.web.DefaultSecurityFilterChain     : Creating filter chain: any request, [org.springframework.security.web.context.request.async.WebAsyncManagerIntegrationFilter@171b4b62, org.springframework.security.web.context.SecurityContextPersistenceFilter@1365b49a, org.springframework.security.web.header.HeaderWriterFilter@66dab334, org.springframework.security.web.authentication.logout.LogoutFilter@64880ac, org.springframework.security.oauth2.client.web.OAuth2AuthorizationRequestRedirectFilter@74a0f9f7, org.springframework.security.oauth2.client.web.OAuth2LoginAuthenticationFilter@7ddc1dd0, org.springframework.security.web.authentication.ui.DefaultLoginPageGeneratingFilter@38b72244, org.springframework.security.web.authentication.ui.DefaultLogoutPageGeneratingFilter@2c3072f2, org.springframework.security.web.savedrequest.RequestCacheAwareFilter@3b6371d8, org.springframework.security.web.servletapi.SecurityContextHolderAwareRequestFilter@8932693, org.springframework.security.web.authentication.AnonymousAuthenticationFilter@5fac49c2, org.springframework.security.web.session.SessionManagementFilter@459ea144, org.springframework.security.web.access.ExceptionTranslationFilter@2ea0d1c7, org.springframework.security.web.access.intercept.FilterSecurityInterceptor@68ca7b48]
2020-08-27 23:09:39.706  INFO 799 --- [    Test worker] o.s.s.concurrent.ThreadPoolTaskExecutor  : Initializing ExecutorService 'applicationTaskExecutor'
2020-08-27 23:09:39.751  WARN 799 --- [    Test worker] aWebConfiguration$JpaWebMvcConfiguration : spring.jpa.open-in-view is enabled by default. Therefore, database queries may be performed during view rendering. Explicitly configure spring.jpa.open-in-view to disable this warning
2020-08-27 23:09:39.844  INFO 799 --- [    Test worker] o.s.b.a.w.s.WelcomePageHandlerMapping    : Adding welcome page template: index
2020-08-27 23:09:40.806  INFO 799 --- [    Test worker] s.a.ScheduledAnnotationBeanPostProcessor : No TaskScheduler/ScheduledExecutorService bean found for scheduled processing
2020-08-27 23:09:40.846  INFO 799 --- [    Test worker] o.s.b.w.embedded.tomcat.TomcatWebServer  : Tomcat started on port(s): 49646 (http) with context path ''
2020-08-27 23:09:40.847  INFO 799 --- [    Test worker] c.s.b.s.web.IndexControllerTest          : Started IndexControllerTest in 5.75 seconds (JVM running for 29.5)
2020-08-27 23:09:41.287  INFO 799 --- [o-auto-1-exec-1] o.a.c.c.C.[Tomcat].[localhost].[/]       : Initializing Spring DispatcherServlet 'dispatcherServlet'
2020-08-27 23:09:41.287  INFO 799 --- [o-auto-1-exec-1] o.s.web.servlet.DispatcherServlet        : Initializing Servlet 'dispatcherServlet'
2020-08-27 23:09:41.333  INFO 799 --- [o-auto-1-exec-1] o.s.web.servlet.DispatcherServlet        : Completed initialization in 45 ms
Hibernate: select posts0_.id as id1_0_, posts0_.create_date as create_d2_0_, posts0_.modified_date as modified3_0_, posts0_.author as author4_0_, posts0_.content as content5_0_, posts0_.title as title6_0_ from posts posts0_ order by posts0_.id DESC
]]></system-out>
  <system-err><![CDATA[]]></system-err>
</testsuite>
