<?xml version="1.0" encoding="UTF-8"?>
<testsuite name="com.seungpang.book.springboot.web.HelloControllerTest" tests="2" skipped="0" failures="0" errors="0" timestamp="2020-08-27T14:09:45" hostname="kslui-MacBook-Pro.local" time="0.089">
  <properties/>
  <testcase name="hello가_리턴된다" classname="com.seungpang.book.springboot.web.HelloControllerTest" time="0.026"/>
  <testcase name="helloDto가_리턴된다" classname="com.seungpang.book.springboot.web.HelloControllerTest" time="0.062"/>
  <system-out><![CDATA[2020-08-27 23:09:42.599  INFO 799 --- [    Test worker] .b.t.a.w.s.WebMvcTestContextBootstrapper : Neither @ContextConfiguration nor @ContextHierarchy found for test class [com.seungpang.book.springboot.web.HelloControllerTest], using SpringBootContextLoader
2020-08-27 23:09:42.606  INFO 799 --- [    Test worker] o.s.t.c.support.AbstractContextLoader    : Could not detect default resource locations for test class [com.seungpang.book.springboot.web.HelloControllerTest]: no resource found for suffixes {-context.xml, Context.groovy}.
2020-08-27 23:09:42.606  INFO 799 --- [    Test worker] t.c.s.AnnotationConfigContextLoaderUtils : Could not detect default configuration classes for test class [com.seungpang.book.springboot.web.HelloControllerTest]: HelloControllerTest does not declare any static, non-private, non-final, nested classes annotated with @Configuration.
2020-08-27 23:09:42.742  INFO 799 --- [    Test worker] .b.t.c.SpringBootTestContextBootstrapper : Found @SpringBootConfiguration com.seungpang.book.springboot.Application for test class com.seungpang.book.springboot.web.HelloControllerTest
2020-08-27 23:09:42.745  INFO 799 --- [    Test worker] .b.t.a.w.s.WebMvcTestContextBootstrapper : Loaded default TestExecutionListener class names from location [META-INF/spring.factories]: [org.springframework.security.test.context.support.WithSecurityContextTestExecutionListener, org.springframework.security.test.context.support.ReactorContextTestExecutionListener, org.springframework.boot.test.autoconfigure.restdocs.RestDocsTestExecutionListener, org.springframework.boot.test.autoconfigure.web.client.MockRestServiceServerResetTestExecutionListener, org.springframework.boot.test.autoconfigure.web.servlet.MockMvcPrintOnlyOnFailureTestExecutionListener, org.springframework.boot.test.autoconfigure.web.servlet.WebDriverTestExecutionListener, org.springframework.boot.test.mock.mockito.MockitoTestExecutionListener, org.springframework.boot.test.mock.mockito.ResetMocksTestExecutionListener, org.springframework.test.context.web.ServletTestExecutionListener, org.springframework.test.context.support.DirtiesContextBeforeModesTestExecutionListener, org.springframework.test.context.support.DependencyInjectionTestExecutionListener, org.springframework.test.context.support.DirtiesContextTestExecutionListener, org.springframework.test.context.transaction.TransactionalTestExecutionListener, org.springframework.test.context.jdbc.SqlScriptsTestExecutionListener]
2020-08-27 23:09:42.748  INFO 799 --- [    Test worker] .b.t.a.w.s.WebMvcTestContextBootstrapper : Using TestExecutionListeners: [org.springframework.test.context.web.ServletTestExecutionListener@1d229001, org.springframework.test.context.support.DirtiesContextBeforeModesTestExecutionListener@1ca5c185, org.springframework.boot.test.mock.mockito.MockitoTestExecutionListener@cde89c7, org.springframework.boot.test.autoconfigure.SpringBootDependencyInjectionTestExecutionListener@3108da05, org.springframework.test.context.support.DirtiesContextTestExecutionListener@38a3e6bd, org.springframework.test.context.transaction.TransactionalTestExecutionListener@ab8a1c5, org.springframework.test.context.jdbc.SqlScriptsTestExecutionListener@725091e4, org.springframework.security.test.context.support.WithSecurityContextTestExecutionListener@5ffa559, org.springframework.security.test.context.support.ReactorContextTestExecutionListener@224e2d55, org.springframework.boot.test.autoconfigure.restdocs.RestDocsTestExecutionListener@6db70650, org.springframework.boot.test.autoconfigure.web.client.MockRestServiceServerResetTestExecutionListener@1b1e75b3, org.springframework.boot.test.autoconfigure.web.servlet.MockMvcPrintOnlyOnFailureTestExecutionListener@63b3dee4, org.springframework.boot.test.autoconfigure.web.servlet.WebDriverTestExecutionListener@30446342, org.springframework.boot.test.mock.mockito.ResetMocksTestExecutionListener@6594669c]

  .   ____          _            __ _ _
 /\\ / ___'_ __ _ _(_)_ __  __ _ \ \ \ \
( ( )\___ | '_ | '_| | '_ \/ _` | \ \ \ \
 \\/  ___)| |_)| | | | | || (_| |  ) ) ) )
  '  |____| .__|_| |_|_| |_\__, | / / / /
 =========|_|==============|___/=/_/_/_/
 :: Spring Boot ::        (v2.1.7.RELEASE)

2020-08-27 23:09:42.855  INFO 799 --- [    Test worker] c.s.b.s.web.HelloControllerTest          : Starting HelloControllerTest on kslui-MacBook-Pro.local with PID 799 (started by ksl in /Users/ksl/IdeaProjects/com.seungpang.book)
2020-08-27 23:09:42.858  INFO 799 --- [    Test worker] c.s.b.s.web.HelloControllerTest          : The following profiles are active: oauth
2020-08-27 23:09:43.719  INFO 799 --- [    Test worker] o.s.s.concurrent.ThreadPoolTaskExecutor  : Initializing ExecutorService 'applicationTaskExecutor'
2020-08-27 23:09:43.932  INFO 799 --- [    Test worker] o.s.b.a.w.s.WelcomePageHandlerMapping    : Adding welcome page template: index
2020-08-27 23:09:44.434  INFO 799 --- [    Test worker] .s.s.UserDetailsServiceAutoConfiguration : 

Using generated security password: cc614349-fb51-4782-a8a5-4568f6146104

2020-08-27 23:09:45.012  INFO 799 --- [    Test worker] o.s.s.web.DefaultSecurityFilterChain     : Creating filter chain: any request, [org.springframework.security.web.context.request.async.WebAsyncManagerIntegrationFilter@4818ec94, org.springframework.security.web.context.SecurityContextPersistenceFilter@69758e6f, org.springframework.security.web.header.HeaderWriterFilter@21217af2, org.springframework.security.web.csrf.CsrfFilter@6ffa0fb, org.springframework.security.web.authentication.logout.LogoutFilter@f896047, org.springframework.security.web.authentication.UsernamePasswordAuthenticationFilter@3df03af5, org.springframework.security.web.authentication.ui.DefaultLoginPageGeneratingFilter@5b0589, org.springframework.security.web.authentication.ui.DefaultLogoutPageGeneratingFilter@12b13e98, org.springframework.security.web.authentication.www.BasicAuthenticationFilter@68cd0724, org.springframework.security.web.savedrequest.RequestCacheAwareFilter@671a9ac9, org.springframework.security.web.servletapi.SecurityContextHolderAwareRequestFilter@4d469a32, org.springframework.security.web.authentication.AnonymousAuthenticationFilter@1245ffcd, org.springframework.security.web.session.SessionManagementFilter@5aa2ee55, org.springframework.security.web.access.ExceptionTranslationFilter@1d227870, org.springframework.security.web.access.intercept.FilterSecurityInterceptor@58e89751]
2020-08-27 23:09:45.034  INFO 799 --- [    Test worker] o.s.b.t.m.w.SpringBootMockServletContext : Initializing Spring TestDispatcherServlet ''
2020-08-27 23:09:45.034  INFO 799 --- [    Test worker] o.s.t.web.servlet.TestDispatcherServlet  : Initializing Servlet ''
2020-08-27 23:09:45.045  INFO 799 --- [    Test worker] o.s.t.web.servlet.TestDispatcherServlet  : Completed initialization in 11 ms
2020-08-27 23:09:45.119  INFO 799 --- [    Test worker] c.s.b.s.web.HelloControllerTest          : Started HelloControllerTest in 2.366 seconds (JVM running for 33.771)
]]></system-out>
  <system-err><![CDATA[]]></system-err>
</testsuite>
