<?xml version="1.0" encoding="UTF-8"?>
<testsuite name="com.seungpang.book.springboot.web.dto.HelloResponseDtoTest" tests="1" skipped="0" failures="0" errors="0" timestamp="2020-08-27T14:09:42" hostname="kslui-MacBook-Pro.local" time="0.004">
  <properties/>
  <testcase name="롬복_기능_테스트" classname="com.seungpang.book.springboot.web.dto.HelloResponseDtoTest" time="0.004"/>
  <system-out><![CDATA[]]></system-out>
  <system-err><![CDATA[]]></system-err>
</testsuite>
